build/app/intermediates/manifest_merge_blame_file/release/manifest-merger-blame-release-report.txt
1<?xml version="1.0" encoding="utf-8"?>
2<manifest xmlns:android="http://schemas.android.com/apk/res/android"
3    package="com.rishabh.pworld"
4    android:versionCode="6"
5    android:versionName="6.0.0" >
6
7    <uses-sdk
8        android:minSdkVersion="19"
8-->src\main\AndroidManifest.xml
9        android:targetSdkVersion="29" />
9-->src\main\AndroidManifest.xml
10    <!--
11         io.flutter.app.FlutterApplication is an android.app.Application that
12         calls FlutterMain.startInitialization(this); in its onCreate method.
13         In most cases you can leave this as-is, but you if you want to provide
14         additional functionality it is fine to subclass or reimplement
15         FlutterApplication and put your custom class here.
16    -->
17
18    <uses-permission android:name="android.permission.INTERNET" />
18-->src\main\AndroidManifest.xml:9:5-66
18-->src\main\AndroidManifest.xml:9:22-64
19    <uses-permission android:name="android.permission.ACCESS_NETWORK_STATE" />
19-->[:connectivity] AndroidManifest.xml:7:5-79
19-->[:connectivity] AndroidManifest.xml:7:22-76
20    <uses-permission android:name="android.permission.ACCESS_WIFI_STATE" />
20-->[:connectivity] AndroidManifest.xml:8:5-76
20-->[:connectivity] AndroidManifest.xml:8:22-73
21    <uses-permission android:name="android.permission.WAKE_LOCK" />
21-->[com.google.android.gms:play-services-measurement:17.2.2] AndroidManifest.xml:25:5-68
21-->[com.google.android.gms:play-services-measurement:17.2.2] AndroidManifest.xml:25:22-65
22    <uses-permission android:name="com.google.android.finsky.permission.BIND_GET_INSTALL_REFERRER_SERVICE" /> <!-- Required by older versions of Google Play services to create IID tokens -->
22-->[com.google.android.gms:play-services-measurement:17.2.2] AndroidManifest.xml:26:5-110
22-->[com.google.android.gms:play-services-measurement:17.2.2] AndroidManifest.xml:26:22-107
23    <uses-permission android:name="com.google.android.c2dm.permission.RECEIVE" />
23-->[com.google.firebase:firebase-iid:20.0.2] AndroidManifest.xml:26:5-82
23-->[com.google.firebase:firebase-iid:20.0.2] AndroidManifest.xml:26:22-79
24
25    <application
25-->src\main\AndroidManifest.xml:12:5-50:19
26        android:name="io.flutter.app.FlutterApplication"
26-->src\main\AndroidManifest.xml:13:9-57
27        android:appComponentFactory="androidx.core.app.CoreComponentFactory"
27-->[androidx.core:core:1.1.0] AndroidManifest.xml:24:18-86
28        android:icon="@mipmap/launcher_icon"
28-->src\main\AndroidManifest.xml:15:9-45
29        android:label="PWorld" >
29-->src\main\AndroidManifest.xml:14:9-31
30        <activity
30-->src\main\AndroidManifest.xml:16:9-44:20
31            android:name="com.rishabh.pworld.MainActivity"
31-->src\main\AndroidManifest.xml:17:13-41
32            android:configChanges="orientation|keyboardHidden|keyboard|screenSize|smallestScreenSize|locale|layoutDirection|fontScale|screenLayout|density|uiMode"
32-->src\main\AndroidManifest.xml:20:13-163
33            android:hardwareAccelerated="true"
33-->src\main\AndroidManifest.xml:21:13-47
34            android:launchMode="singleTop"
34-->src\main\AndroidManifest.xml:18:13-43
35            android:theme="@style/LaunchTheme"
35-->src\main\AndroidManifest.xml:19:13-47
36            android:windowSoftInputMode="adjustResize" >
36-->src\main\AndroidManifest.xml:22:13-55
37
38            <!--
39                 Specifies an Android theme to apply to this Activity as soon as
40                 the Android process has started. This theme is visible to the user
41                 while the Flutter UI initializes. After that, this theme continues
42                 to determine the Window background behind the Flutter UI.
43            -->
44            <meta-data
44-->src\main\AndroidManifest.xml:27:13-30:17
45                android:name="io.flutter.embedding.android.NormalTheme"
45-->src\main\AndroidManifest.xml:28:15-70
46                android:resource="@style/NormalTheme" />
46-->src\main\AndroidManifest.xml:29:15-52
47            <!--
48                 Displays an Android View that continues showing the launch screen
49                 Drawable until Flutter paints its first frame, then this splash
50                 screen fades out. A splash screen is useful to avoid any visual
51                 gap between the end of Android's launch screen and the painting of
52                 Flutter's first frame.
53            -->
54            <meta-data
54-->src\main\AndroidManifest.xml:36:13-39:17
55                android:name="io.flutter.embedding.android.SplashScreenDrawable"
55-->src\main\AndroidManifest.xml:37:15-79
56                android:resource="@drawable/launch_background" />
56-->src\main\AndroidManifest.xml:38:15-61
57
58            <intent-filter>
58-->src\main\AndroidManifest.xml:40:13-43:29
59                <action android:name="android.intent.action.MAIN" />
59-->src\main\AndroidManifest.xml:41:17-68
59-->src\main\AndroidManifest.xml:41:25-66
60
61                <category android:name="android.intent.category.LAUNCHER" />
61-->src\main\AndroidManifest.xml:42:17-76
61-->src\main\AndroidManifest.xml:42:27-74
62            </intent-filter>
63        </activity>
64        <!--
65             Don't delete the meta-data below.
66             This is used by the Flutter tool to generate GeneratedPluginRegistrant.java
67        -->
68        <meta-data
68-->src\main\AndroidManifest.xml:47:9-49:33
69            android:name="flutterEmbedding"
69-->src\main\AndroidManifest.xml:48:13-44
70            android:value="2" />
70-->src\main\AndroidManifest.xml:49:13-30
71
72        <service
72-->[:cloud_firestore] AndroidManifest.xml:8:9-12:19
73            android:name="com.google.firebase.components.ComponentDiscoveryService"
73-->[:cloud_firestore] AndroidManifest.xml:8:18-89
74            android:directBootAware="true"
74-->[com.google.firebase:firebase-common:19.3.0] AndroidManifest.xml:34:13-43
75            android:exported="false" >
75-->[com.google.android.gms:play-services-measurement-api:17.2.2] AndroidManifest.xml:29:13-37
76            <meta-data
76-->[:cloud_firestore] AndroidManifest.xml:9:13-11:85
77                android:name="com.google.firebase.components:io.flutter.plugins.firebase.cloudfirestore.FlutterFirebaseAppRegistrar"
77-->[:cloud_firestore] AndroidManifest.xml:10:17-133
78                android:value="com.google.firebase.components.ComponentRegistrar" />
78-->[:cloud_firestore] AndroidManifest.xml:11:17-82
79            <meta-data
79-->[:firebase_auth] AndroidManifest.xml:9:13-11:85
80                android:name="com.google.firebase.components:io.flutter.plugins.firebaseauth.FlutterFirebaseAppRegistrar"
80-->[:firebase_auth] AndroidManifest.xml:10:17-122
81                android:value="com.google.firebase.components.ComponentRegistrar" />
81-->[:firebase_auth] AndroidManifest.xml:11:17-82
82            <meta-data
82-->[:firebase_core] AndroidManifest.xml:9:13-11:85
83                android:name="com.google.firebase.components:io.flutter.plugins.firebase.core.FlutterFirebaseAppRegistrar"
83-->[:firebase_core] AndroidManifest.xml:10:17-123
84                android:value="com.google.firebase.components.ComponentRegistrar" />
84-->[:firebase_core] AndroidManifest.xml:11:17-82
85            <meta-data
85-->[:firebase_messaging] AndroidManifest.xml:14:13-16:85
86                android:name="com.google.firebase.components:io.flutter.plugins.firebasemessaging.FlutterFirebaseAppRegistrar"
86-->[:firebase_messaging] AndroidManifest.xml:15:17-127
87                android:value="com.google.firebase.components.ComponentRegistrar" />
87-->[:firebase_messaging] AndroidManifest.xml:16:17-82
88            <meta-data
88-->[com.google.android.gms:play-services-measurement-api:17.2.2] AndroidManifest.xml:30:13-32:85
89                android:name="com.google.firebase.components:com.google.firebase.analytics.connector.internal.AnalyticsConnectorRegistrar"
89-->[com.google.android.gms:play-services-measurement-api:17.2.2] AndroidManifest.xml:31:17-139
90                android:value="com.google.firebase.components.ComponentRegistrar" />
90-->[com.google.android.gms:play-services-measurement-api:17.2.2] AndroidManifest.xml:32:17-82
91            <meta-data
91-->[com.google.firebase:firebase-firestore:21.3.0] AndroidManifest.xml:20:13-22:85
92                android:name="com.google.firebase.components:com.google.firebase.firestore.FirestoreRegistrar"
92-->[com.google.firebase:firebase-firestore:21.3.0] AndroidManifest.xml:21:17-111
93                android:value="com.google.firebase.components.ComponentRegistrar" />
93-->[com.google.firebase:firebase-firestore:21.3.0] AndroidManifest.xml:22:17-82
94            <meta-data
94-->[com.google.firebase:firebase-auth:19.2.0] AndroidManifest.xml:36:13-38:85
95                android:name="com.google.firebase.components:com.google.firebase.auth.FirebaseAuthRegistrar"
95-->[com.google.firebase:firebase-auth:19.2.0] AndroidManifest.xml:37:17-109
96                android:value="com.google.firebase.components.ComponentRegistrar" />
96-->[com.google.firebase:firebase-auth:19.2.0] AndroidManifest.xml:38:17-82
97            <meta-data
97-->[com.google.firebase:firebase-iid:20.0.2] AndroidManifest.xml:32:13-34:85
98                android:name="com.google.firebase.components:com.google.firebase.iid.Registrar"
98-->[com.google.firebase:firebase-iid:20.0.2] AndroidManifest.xml:33:17-96
99                android:value="com.google.firebase.components.ComponentRegistrar" />
99-->[com.google.firebase:firebase-iid:20.0.2] AndroidManifest.xml:34:17-82
100        </service>
101        <service android:name="io.flutter.plugins.firebasemessaging.FlutterFirebaseMessagingService" >
101-->[:firebase_messaging] AndroidManifest.xml:8:9-12:19
101-->[:firebase_messaging] AndroidManifest.xml:8:18-101
102            <intent-filter>
102-->[:firebase_messaging] AndroidManifest.xml:9:13-11:29
103                <action android:name="com.google.firebase.MESSAGING_EVENT" />
103-->[:firebase_messaging] AndroidManifest.xml:10:17-78
103-->[:firebase_messaging] AndroidManifest.xml:10:25-75
104            </intent-filter>
105        </service>
106
107        <activity
107-->[:url_launcher] AndroidManifest.xml:8:9-11:74
108            android:name="io.flutter.plugins.urllauncher.WebViewActivity"
108-->[:url_launcher] AndroidManifest.xml:9:13-74
109            android:exported="false"
109-->[:url_launcher] AndroidManifest.xml:10:13-37
110            android:theme="@android:style/Theme.NoTitleBar.Fullscreen" />
110-->[:url_launcher] AndroidManifest.xml:11:13-71
111        <activity
111-->[:flutter_inappbrowser] AndroidManifest.xml:10:9-13:47
112            android:name="com.pichillilorenzo.flutter_inappbrowser.InAppBrowserActivity"
112-->[:flutter_inappbrowser] AndroidManifest.xml:11:13-89
113            android:configChanges="orientation|screenSize"
113-->[:flutter_inappbrowser] AndroidManifest.xml:12:13-59
114            android:theme="@style/AppTheme" />
114-->[:flutter_inappbrowser] AndroidManifest.xml:13:13-44
115        <activity
115-->[:flutter_inappbrowser] AndroidManifest.xml:14:9-17:55
116            android:name="com.pichillilorenzo.flutter_inappbrowser.ChromeCustomTabs.ChromeCustomTabsActivity"
116-->[:flutter_inappbrowser] AndroidManifest.xml:15:13-110
117            android:configChanges="orientation|screenSize"
117-->[:flutter_inappbrowser] AndroidManifest.xml:16:13-59
118            android:theme="@style/ThemeTransparent" />
118-->[:flutter_inappbrowser] AndroidManifest.xml:17:13-52
119
120        <provider
120-->[:flutter_webview_plugin] AndroidManifest.xml:9:9-18:20
121            android:name="androidx.core.content.FileProvider"
121-->[:flutter_webview_plugin] AndroidManifest.xml:10:13-62
122            android:authorities="com.rishabh.pworld.fileprovider"
122-->[:flutter_webview_plugin] AndroidManifest.xml:11:13-64
123            android:exported="false"
123-->[:flutter_webview_plugin] AndroidManifest.xml:12:13-37
124            android:grantUriPermissions="true" >
124-->[:flutter_webview_plugin] AndroidManifest.xml:13:13-47
125            <meta-data
125-->[:flutter_webview_plugin] AndroidManifest.xml:15:13-17:53
126                android:name="android.support.FILE_PROVIDER_PATHS"
126-->[:flutter_webview_plugin] AndroidManifest.xml:16:17-67
127                android:resource="@xml/filepaths" />
127-->[:flutter_webview_plugin] AndroidManifest.xml:17:17-50
128        </provider>
129
130        <receiver
130-->[com.google.android.gms:play-services-measurement:17.2.2] AndroidManifest.xml:29:9-33:20
131            android:name="com.google.android.gms.measurement.AppMeasurementReceiver"
131-->[com.google.android.gms:play-services-measurement:17.2.2] AndroidManifest.xml:30:13-85
132            android:enabled="true"
132-->[com.google.android.gms:play-services-measurement:17.2.2] AndroidManifest.xml:31:13-35
133            android:exported="false" >
133-->[com.google.android.gms:play-services-measurement:17.2.2] AndroidManifest.xml:32:13-37
134        </receiver>
135        <receiver
135-->[com.google.android.gms:play-services-measurement:17.2.2] AndroidManifest.xml:34:9-42:20
136            android:name="com.google.android.gms.measurement.AppMeasurementInstallReferrerReceiver"
136-->[com.google.android.gms:play-services-measurement:17.2.2] AndroidManifest.xml:35:13-100
137            android:enabled="true"
137-->[com.google.android.gms:play-services-measurement:17.2.2] AndroidManifest.xml:36:13-35
138            android:exported="true"
138-->[com.google.android.gms:play-services-measurement:17.2.2] AndroidManifest.xml:37:13-36
139            android:permission="android.permission.INSTALL_PACKAGES" >
139-->[com.google.android.gms:play-services-measurement:17.2.2] AndroidManifest.xml:38:13-69
140            <intent-filter>
140-->[com.google.android.gms:play-services-measurement:17.2.2] AndroidManifest.xml:39:13-41:29
141                <action android:name="com.android.vending.INSTALL_REFERRER" />
141-->[com.google.android.gms:play-services-measurement:17.2.2] AndroidManifest.xml:40:17-79
141-->[com.google.android.gms:play-services-measurement:17.2.2] AndroidManifest.xml:40:25-76
142            </intent-filter>
143        </receiver>
144
145        <service
145-->[com.google.android.gms:play-services-measurement:17.2.2] AndroidManifest.xml:44:9-47:40
146            android:name="com.google.android.gms.measurement.AppMeasurementService"
146-->[com.google.android.gms:play-services-measurement:17.2.2] AndroidManifest.xml:45:13-84
147            android:enabled="true"
147-->[com.google.android.gms:play-services-measurement:17.2.2] AndroidManifest.xml:46:13-35
148            android:exported="false" />
148-->[com.google.android.gms:play-services-measurement:17.2.2] AndroidManifest.xml:47:13-37
149        <service
149-->[com.google.android.gms:play-services-measurement:17.2.2] AndroidManifest.xml:48:9-52:72
150            android:name="com.google.android.gms.measurement.AppMeasurementJobService"
150-->[com.google.android.gms:play-services-measurement:17.2.2] AndroidManifest.xml:49:13-87
151            android:enabled="true"
151-->[com.google.android.gms:play-services-measurement:17.2.2] AndroidManifest.xml:50:13-35
152            android:exported="false"
152-->[com.google.android.gms:play-services-measurement:17.2.2] AndroidManifest.xml:51:13-37
153            android:permission="android.permission.BIND_JOB_SERVICE" />
153-->[com.google.android.gms:play-services-measurement:17.2.2] AndroidManifest.xml:52:13-69
154
155        <activity
155-->[com.google.firebase:firebase-auth:19.2.0] AndroidManifest.xml:24:9-31:50
156            android:name="com.google.firebase.auth.internal.FederatedSignInActivity"
156-->[com.google.firebase:firebase-auth:19.2.0] AndroidManifest.xml:25:13-85
157            android:excludeFromRecents="true"
157-->[com.google.firebase:firebase-auth:19.2.0] AndroidManifest.xml:26:13-46
158            android:exported="true"
158-->[com.google.firebase:firebase-auth:19.2.0] AndroidManifest.xml:27:13-36
159            android:launchMode="singleTask"
159-->[com.google.firebase:firebase-auth:19.2.0] AndroidManifest.xml:28:13-44
160            android:permission="com.google.firebase.auth.api.gms.permission.LAUNCH_FEDERATED_SIGN_IN"
160-->[com.google.firebase:firebase-auth:19.2.0] AndroidManifest.xml:29:13-102
161            android:theme="@android:style/Theme.Translucent.NoTitleBar" />
161-->[com.google.firebase:firebase-auth:19.2.0] AndroidManifest.xml:30:13-72
162        <!--
163             FirebaseMessagingService performs security checks at runtime,
164             but set to not exported to explicitly avoid allowing another app to call it.
165        -->
166        <service
166-->[com.google.firebase:firebase-messaging:20.0.1] AndroidManifest.xml:28:9-34:19
167            android:name="com.google.firebase.messaging.FirebaseMessagingService"
167-->[com.google.firebase:firebase-messaging:20.0.1] AndroidManifest.xml:29:13-82
168            android:exported="false" >
168-->[com.google.firebase:firebase-messaging:20.0.1] AndroidManifest.xml:30:13-37
169            <intent-filter android:priority="-500" >
169-->[:firebase_messaging] AndroidManifest.xml:9:13-11:29
170                <action android:name="com.google.firebase.MESSAGING_EVENT" />
170-->[:firebase_messaging] AndroidManifest.xml:10:17-78
170-->[:firebase_messaging] AndroidManifest.xml:10:25-75
171            </intent-filter>
172        </service>
173
174        <receiver
174-->[com.google.firebase:firebase-iid:20.0.2] AndroidManifest.xml:37:9-44:20
175            android:name="com.google.firebase.iid.FirebaseInstanceIdReceiver"
175-->[com.google.firebase:firebase-iid:20.0.2] AndroidManifest.xml:38:13-78
176            android:exported="true"
176-->[com.google.firebase:firebase-iid:20.0.2] AndroidManifest.xml:39:13-36
177            android:permission="com.google.android.c2dm.permission.SEND" >
177-->[com.google.firebase:firebase-iid:20.0.2] AndroidManifest.xml:40:13-73
178            <intent-filter>
178-->[com.google.firebase:firebase-iid:20.0.2] AndroidManifest.xml:41:13-43:29
179                <action android:name="com.google.android.c2dm.intent.RECEIVE" />
179-->[com.google.firebase:firebase-iid:20.0.2] AndroidManifest.xml:42:17-81
179-->[com.google.firebase:firebase-iid:20.0.2] AndroidManifest.xml:42:25-78
180            </intent-filter>
181        </receiver>
182
183        <provider
183-->[com.google.firebase:firebase-common:19.3.0] AndroidManifest.xml:26:9-30:39
184            android:name="com.google.firebase.provider.FirebaseInitProvider"
184-->[com.google.firebase:firebase-common:19.3.0] AndroidManifest.xml:27:13-77
185            android:authorities="com.rishabh.pworld.firebaseinitprovider"
185-->[com.google.firebase:firebase-common:19.3.0] AndroidManifest.xml:28:13-72
186            android:exported="false"
186-->[com.google.firebase:firebase-common:19.3.0] AndroidManifest.xml:29:13-37
187            android:initOrder="100" />
187-->[com.google.firebase:firebase-common:19.3.0] AndroidManifest.xml:30:13-36
188
189        <activity
189-->[com.google.android.gms:play-services-auth:16.0.1] AndroidManifest.xml:23:9-27:75
190            android:name="com.google.android.gms.auth.api.signin.internal.SignInHubActivity"
190-->[com.google.android.gms:play-services-auth:16.0.1] AndroidManifest.xml:24:13-93
191            android:excludeFromRecents="true"
191-->[com.google.android.gms:play-services-auth:16.0.1] AndroidManifest.xml:25:13-46
192            android:exported="false"
192-->[com.google.android.gms:play-services-auth:16.0.1] AndroidManifest.xml:26:13-37
193            android:theme="@android:style/Theme.Translucent.NoTitleBar" />
193-->[com.google.android.gms:play-services-auth:16.0.1] AndroidManifest.xml:27:13-72
194        <!--
195            Service handling Google Sign-In user revocation. For apps that do not integrate with
196            Google Sign-In, this service will never be started.
197        -->
198        <service
198-->[com.google.android.gms:play-services-auth:16.0.1] AndroidManifest.xml:33:9-36:110
199            android:name="com.google.android.gms.auth.api.signin.RevocationBoundService"
199-->[com.google.android.gms:play-services-auth:16.0.1] AndroidManifest.xml:34:13-89
200            android:exported="true"
200-->[com.google.android.gms:play-services-auth:16.0.1] AndroidManifest.xml:35:13-36
201            android:permission="com.google.android.gms.auth.api.signin.permission.REVOCATION_NOTIFICATION" />
201-->[com.google.android.gms:play-services-auth:16.0.1] AndroidManifest.xml:36:13-107
202
203        <activity
203-->[com.google.android.gms:play-services-base:17.1.0] AndroidManifest.xml:23:9-26:75
204            android:name="com.google.android.gms.common.api.GoogleApiActivity"
204-->[com.google.android.gms:play-services-base:17.1.0] AndroidManifest.xml:24:13-79
205            android:exported="false"
205-->[com.google.android.gms:play-services-base:17.1.0] AndroidManifest.xml:25:13-37
206            android:theme="@android:style/Theme.Translucent.NoTitleBar" />
206-->[com.google.android.gms:play-services-base:17.1.0] AndroidManifest.xml:26:13-72
207
208        <meta-data
208-->[com.google.android.gms:play-services-basement:17.0.0] AndroidManifest.xml:23:9-25:69
209            android:name="com.google.android.gms.version"
209-->[com.google.android.gms:play-services-basement:17.0.0] AndroidManifest.xml:24:13-58
210            android:value="@integer/google_play_services_version" />
210-->[com.google.android.gms:play-services-basement:17.0.0] AndroidManifest.xml:25:13-66
211    </application>
212
213</manifest>